<?xml version="1.0" encoding="UTF-8"?>
<testng-results ignored="0" total="2" passed="2" failed="0" skipped="0">
  <reporter-output>
  </reporter-output>
  <suite started-at="2023-09-14T20:44:02 IST" name="Default suite" finished-at="2023-09-14T20:44:49 IST" duration-ms="46758">
    <groups>
    </groups>
    <test started-at="2023-09-14T20:44:02 IST" name="Default test" finished-at="2023-09-14T20:44:49 IST" duration-ms="46758">
      <class name="test_KloudShip.Test_Data">
        <test-method is-config="true" signature="setUp()[pri:0, instance:test_KloudShip.Test_Data@7c7a06ec]" started-at="2023-09-14T20:44:02 IST" name="setUp" finished-at="2023-09-14T20:44:13 IST" duration-ms="11085" status="PASS">
          <reporter-output>
          </reporter-output>
        </test-method> <!-- setUp -->
        <test-method signature="A_Login()[pri:0, instance:test_KloudShip.Test_Data@7c7a06ec]" started-at="2023-09-14T20:44:13 IST" name="A_Login" finished-at="2023-09-14T20:44:32 IST" duration-ms="18731" status="PASS">
          <reporter-output>
          </reporter-output>
        </test-method> <!-- A_Login -->
        <test-method signature="B_Delete_Pakage()[pri:0, instance:test_KloudShip.Test_Data@7c7a06ec]" started-at="2023-09-14T20:44:32 IST" name="B_Delete_Pakage" finished-at="2023-09-14T20:44:49 IST" duration-ms="16832" status="PASS">
          <reporter-output>
          </reporter-output>
        </test-method> <!-- B_Delete_Pakage -->
      </class> <!-- test_KloudShip.Test_Data -->
    </test> <!-- Default test -->
  </suite> <!-- Default suite -->
</testng-results>
